{
  "stats": {
    "suites": 1,
    "tests": 2,
    "passes": 2,
    "pending": 0,
    "failures": 0,
    "start": "2023-08-22T07:34:57.374Z",
    "end": "2023-08-22T07:34:58.678Z",
    "duration": 1304,
    "testsRegistered": 2,
    "passPercent": 100,
    "pendingPercent": 0,
    "other": 0,
    "hasOther": false,
    "skipped": 0,
    "hasSkipped": false
  },
  "results": [
    {
      "uuid": "001d2f5d-4776-4981-9711-52143cfbd7b1",
      "title": "",
      "fullFile": "D:\\MySkill\\myskill-apitest\\test\\api\\chaiAssert.js",
      "file": "\\test\\api\\chaiAssert.js",
      "beforeHooks": [],
      "afterHooks": [],
      "tests": [],
      "suites": [
        {
          "uuid": "0e1ac4b3-c01d-4798-9f90-dcf30bb619d5",
          "title": "Post Request Example",
          "fullFile": "D:\\MySkill\\myskill-apitest\\test\\api\\chaiAssert.js",
          "file": "\\test\\api\\chaiAssert.js",
          "beforeHooks": [],
          "afterHooks": [],
          "tests": [
            {
              "title": "response status equal to 200",
              "fullTitle": "Post Request Example response status equal to 200",
              "timedOut": false,
              "duration": 1284,
              "state": "passed",
              "speed": "slow",
              "pass": true,
              "fail": false,
              "pending": false,
              "context": null,
              "code": "// Check respon status harus sama dengan 200\nexpect((await response).status).to.equal(200);",
              "err": {},
              "uuid": "b12fedfe-393f-4aaa-b509-59663589c073",
              "parentUUID": "0e1ac4b3-c01d-4798-9f90-dcf30bb619d5",
              "isHook": false,
              "skipped": false
            },
            {
              "title": "response body to haveOwnProperty",
              "fullTitle": "Post Request Example response body to haveOwnProperty",
              "timedOut": false,
              "duration": 2,
              "state": "passed",
              "speed": "fast",
              "pass": true,
              "fail": false,
              "pending": false,
              "context": null,
              "code": "// Expect dalam body response terdapat value 'message'\nexpect((await response).body).to.haveOwnProperty(\"message\");",
              "err": {},
              "uuid": "6de3b265-e179-4066-bc19-408e50e8c7dc",
              "parentUUID": "0e1ac4b3-c01d-4798-9f90-dcf30bb619d5",
              "isHook": false,
              "skipped": false
            }
          ],
          "suites": [],
          "passes": [
            "b12fedfe-393f-4aaa-b509-59663589c073",
            "6de3b265-e179-4066-bc19-408e50e8c7dc"
          ],
          "failures": [],
          "pending": [],
          "skipped": [],
          "duration": 1286,
          "root": false,
          "rootEmpty": false,
          "_timeout": 2000
        }
      ],
      "passes": [],
      "failures": [],
      "pending": [],
      "skipped": [],
      "duration": 0,
      "root": true,
      "rootEmpty": true,
      "_timeout": 2000
    }
  ],
  "meta": {
    "mocha": {
      "version": "10.2.0"
    },
    "mochawesome": {
      "options": {
        "quiet": false,
        "reportFilename": "mochawesome",
        "saveHtml": true,
        "saveJson": true,
        "consoleReporter": "spec",
        "useInlineDiffs": false,
        "code": true
      },
      "version": "7.1.3"
    },
    "marge": {
      "options": null,
      "version": "6.2.0"
    }
  }
}